D:\EPARTITION\MY PROGRAM\WORK\_JOBDU\_LEETCODE_\_LEETCODE_\DEBUG\_ATEMPLATE.OBJ
D:\EPARTITION\MY PROGRAM\WORK\_JOBDU\_LEETCODE_\_LEETCODE_\DEBUG\_LEETCODE_.EXE.EMBED.MANIFEST
D:\EPARTITION\MY PROGRAM\WORK\_JOBDU\_LEETCODE_\_LEETCODE_\DEBUG\_LEETCODE_.EXE.EMBED.MANIFEST.RES
D:\EPARTITION\MY PROGRAM\WORK\_JOBDU\_LEETCODE_\_LEETCODE_\DEBUG\_LEETCODE_.EXE.INTERMEDIATE.MANIFEST
D:\EPartition\my program\work\_jobdu\_leetcode_\_leetcode_\Debug\_leetcode_.vcxprojResolveAssemblyReference.cache
D:\EPartition\my program\work\_jobdu\_leetcode_\_leetcode_\Debug\_leetcode_.write.1.tlog
D:\EPartition\my program\work\_jobdu\_leetcode_\_leetcode_\Debug\_leetcode__manifest.rc
D:\EPARTITION\MY PROGRAM\WORK\_JOBDU\_LEETCODE_\_LEETCODE_\DEBUG\_LEETCODE_001.OBJ
D:\EPARTITION\MY PROGRAM\WORK\_JOBDU\_LEETCODE_\_LEETCODE_\DEBUG\_LEETCODE_002.OBJ
D:\EPARTITION\MY PROGRAM\WORK\_JOBDU\_LEETCODE_\_LEETCODE_\DEBUG\_LEETCODE_007.OBJ
D:\EPARTITION\MY PROGRAM\WORK\_JOBDU\_LEETCODE_\_LEETCODE_\DEBUG\_LEETCODE_008.OBJ
D:\EPARTITION\MY PROGRAM\WORK\_JOBDU\_LEETCODE_\_LEETCODE_\DEBUG\_LEETCODE_013.OBJ
D:\EPARTITION\MY PROGRAM\WORK\_JOBDU\_LEETCODE_\_LEETCODE_\DEBUG\_LEETCODE_031.OBJ
D:\EPARTITION\MY PROGRAM\WORK\_JOBDU\_LEETCODE_\_LEETCODE_\DEBUG\_LEETCODE_053.OBJ
D:\EPARTITION\MY PROGRAM\WORK\_JOBDU\_LEETCODE_\_LEETCODE_\DEBUG\_LEETCODE_075.OBJ
D:\EPARTITION\MY PROGRAM\WORK\_JOBDU\_LEETCODE_\_LEETCODE_\DEBUG\_LEETCODE_094.OBJ
D:\EPARTITION\MY PROGRAM\WORK\_JOBDU\_LEETCODE_\_LEETCODE_\DEBUG\_LEETCODE_096.OBJ
D:\EPARTITION\MY PROGRAM\WORK\_JOBDU\_LEETCODE_\_LEETCODE_\DEBUG\_LEETCODE_098.OBJ
D:\EPARTITION\MY PROGRAM\WORK\_JOBDU\_LEETCODE_\_LEETCODE_\DEBUG\_LEETCODE_100.OBJ
D:\EPARTITION\MY PROGRAM\WORK\_JOBDU\_LEETCODE_\_LEETCODE_\DEBUG\_LEETCODE_104.OBJ
D:\EPARTITION\MY PROGRAM\WORK\_JOBDU\_LEETCODE_\_LEETCODE_\DEBUG\_LEETCODE_105.OBJ
D:\EPARTITION\MY PROGRAM\WORK\_JOBDU\_LEETCODE_\_LEETCODE_\DEBUG\_LEETCODE_106.OBJ
D:\EPARTITION\MY PROGRAM\WORK\_JOBDU\_LEETCODE_\_LEETCODE_\DEBUG\_LEETCODE_121.OBJ
D:\EPARTITION\MY PROGRAM\WORK\_JOBDU\_LEETCODE_\_LEETCODE_\DEBUG\_LEETCODE_136.OBJ
D:\EPARTITION\MY PROGRAM\WORK\_JOBDU\_LEETCODE_\_LEETCODE_\DEBUG\_LEETCODE_137.OBJ
D:\EPARTITION\MY PROGRAM\WORK\_JOBDU\_LEETCODE_\_LEETCODE_\DEBUG\_LEETCODE_141.OBJ
D:\EPARTITION\MY PROGRAM\WORK\_JOBDU\_LEETCODE_\_LEETCODE_\DEBUG\_LEETCODE_144.OBJ
D:\EPARTITION\MY PROGRAM\WORK\_JOBDU\_LEETCODE_\_LEETCODE_\DEBUG\_LEETCODE_148.OBJ
D:\EPARTITION\MY PROGRAM\WORK\_JOBDU\_LEETCODE_\_LEETCODE_\DEBUG\_LEETCODE_155.OBJ
D:\EPARTITION\MY PROGRAM\WORK\_JOBDU\_LEETCODE_\_LEETCODE_\DEBUG\_LEETCODE_160.OBJ
D:\EPARTITION\MY PROGRAM\WORK\_JOBDU\_LEETCODE_\_LEETCODE_\DEBUG\_LEETCODE_168.OBJ
D:\EPARTITION\MY PROGRAM\WORK\_JOBDU\_LEETCODE_\_LEETCODE_\DEBUG\_LEETCODE_169.OBJ
D:\EPARTITION\MY PROGRAM\WORK\_JOBDU\_LEETCODE_\_LEETCODE_\DEBUG\_LEETCODE_171.OBJ
D:\EPARTITION\MY PROGRAM\WORK\_JOBDU\_LEETCODE_\_LEETCODE_\DEBUG\_LEETCODE_173.OBJ
D:\EPARTITION\MY PROGRAM\WORK\_JOBDU\_LEETCODE_\_LEETCODE_\DEBUG\_LEETCODE_189.OBJ
D:\EPARTITION\MY PROGRAM\WORK\_JOBDU\_LEETCODE_\_LEETCODE_\DEBUG\_LEETCODE_190.OBJ
D:\EPARTITION\MY PROGRAM\WORK\_JOBDU\_LEETCODE_\_LEETCODE_\DEBUG\_LEETCODE_191.OBJ
D:\EPARTITION\MY PROGRAM\WORK\_JOBDU\_LEETCODE_\_LEETCODE_\DEBUG\_LEETCODE_205.OBJ
D:\EPARTITION\MY PROGRAM\WORK\_JOBDU\_LEETCODE_\_LEETCODE_\DEBUG\_LEETCODE_206.OBJ
D:\EPARTITION\MY PROGRAM\WORK\_JOBDU\_LEETCODE_\_LEETCODE_\DEBUG\_LEETCODE_217.OBJ
D:\EPARTITION\MY PROGRAM\WORK\_JOBDU\_LEETCODE_\_LEETCODE_\DEBUG\_LEETCODE_226.OBJ
D:\EPARTITION\MY PROGRAM\WORK\_JOBDU\_LEETCODE_\_LEETCODE_\DEBUG\_LEETCODE_229.OBJ
D:\EPARTITION\MY PROGRAM\WORK\_JOBDU\_LEETCODE_\_LEETCODE_\DEBUG\_LEETCODE_230.OBJ
D:\EPARTITION\MY PROGRAM\WORK\_JOBDU\_LEETCODE_\_LEETCODE_\DEBUG\_LEETCODE_231.OBJ
D:\EPARTITION\MY PROGRAM\WORK\_JOBDU\_LEETCODE_\_LEETCODE_\DEBUG\_LEETCODE_233.OBJ
D:\EPARTITION\MY PROGRAM\WORK\_JOBDU\_LEETCODE_\_LEETCODE_\DEBUG\_LEETCODE_237.OBJ
D:\EPARTITION\MY PROGRAM\WORK\_JOBDU\_LEETCODE_\_LEETCODE_\DEBUG\_LEETCODE_238.OBJ
D:\EPARTITION\MY PROGRAM\WORK\_JOBDU\_LEETCODE_\_LEETCODE_\DEBUG\_LEETCODE_242.OBJ
D:\EPARTITION\MY PROGRAM\WORK\_JOBDU\_LEETCODE_\_LEETCODE_\DEBUG\_LEETCODE_258.OBJ
D:\EPARTITION\MY PROGRAM\WORK\_JOBDU\_LEETCODE_\_LEETCODE_\DEBUG\_LEETCODE_260.OBJ
D:\EPARTITION\MY PROGRAM\WORK\_JOBDU\_LEETCODE_\_LEETCODE_\DEBUG\_LEETCODE_263.OBJ
D:\EPARTITION\MY PROGRAM\WORK\_JOBDU\_LEETCODE_\_LEETCODE_\DEBUG\_LEETCODE_264.OBJ
D:\EPARTITION\MY PROGRAM\WORK\_JOBDU\_LEETCODE_\_LEETCODE_\DEBUG\_LEETCODE_283.OBJ
D:\EPARTITION\MY PROGRAM\WORK\_JOBDU\_LEETCODE_\_LEETCODE_\DEBUG\_LEETCODE_290.OBJ
D:\EPARTITION\MY PROGRAM\WORK\_JOBDU\_LEETCODE_\_LEETCODE_\DEBUG\_LEETCODE_292.OBJ
D:\EPARTITION\MY PROGRAM\WORK\_JOBDU\_LEETCODE_\_LEETCODE_\DEBUG\_LEETCODE_311.OBJ
D:\EPARTITION\MY PROGRAM\WORK\_JOBDU\_LEETCODE_\_LEETCODE_\DEBUG\_LEETCODE_313.OBJ
D:\EPARTITION\MY PROGRAM\WORK\_JOBDU\_LEETCODE_\_LEETCODE_\DEBUG\_LEETCODE_322.OBJ
D:\EPARTITION\MY PROGRAM\WORK\_JOBDU\_LEETCODE_\_LEETCODE_\DEBUG\_LEETCODE_326.OBJ
D:\EPARTITION\MY PROGRAM\WORK\_JOBDU\_LEETCODE_\_LEETCODE_\DEBUG\_LEETCODE_338.OBJ
D:\EPARTITION\MY PROGRAM\WORK\_JOBDU\_LEETCODE_\_LEETCODE_\DEBUG\_LEETCODE_344.OBJ
D:\EPARTITION\MY PROGRAM\WORK\_JOBDU\_LEETCODE_\_LEETCODE_\DEBUG\_LEETCODE_345.OBJ
D:\EPARTITION\MY PROGRAM\WORK\_JOBDU\_LEETCODE_\_LEETCODE_\DEBUG\_LEETCODE_349.OBJ
D:\EPARTITION\MY PROGRAM\WORK\_JOBDU\_LEETCODE_\_LEETCODE_\DEBUG\_LEETCODE_350.OBJ
D:\EPARTITION\MY PROGRAM\WORK\_JOBDU\_LEETCODE_\_LEETCODE_\DEBUG\_LEETCODE_374.OBJ
D:\EPARTITION\MY PROGRAM\WORK\_JOBDU\_LEETCODE_\_LEETCODE_\DEBUG\_LEETCODE_83.OBJ
D:\EPARTITION\MY PROGRAM\WORK\_JOBDU\_LEETCODE_\_LEETCODE_\DEBUG\_NOWCODER_PRINTMATRIX.OBJ
D:\EPARTITION\MY PROGRAM\WORK\_JOBDU\_LEETCODE_\_LEETCODE_\DEBUG\_S_BOYER-MOORE.OBJ
D:\EPARTITION\MY PROGRAM\WORK\_JOBDU\_LEETCODE_\_LEETCODE_\DEBUG\_S_SIZEOFPOINTER.OBJ
D:\EPARTITION\MY PROGRAM\WORK\_JOBDU\_LEETCODE_\_LEETCODE_\DEBUG\_TENCENT_GETGRAY.OBJ
D:\EPARTITION\MY PROGRAM\WORK\_JOBDU\_LEETCODE_\_LEETCODE_\DEBUG\_TENCENT_GIFT_GETVALUE.OBJ
D:\EPartition\my program\work\_jobdu\_leetcode_\_leetcode_\Debug\cl.command.1.tlog
D:\EPartition\my program\work\_jobdu\_leetcode_\_leetcode_\Debug\CL.read.1.tlog
D:\EPartition\my program\work\_jobdu\_leetcode_\_leetcode_\Debug\CL.write.1.tlog
D:\EPartition\my program\work\_jobdu\_leetcode_\_leetcode_\Debug\link.17624.read.1.tlog
D:\EPartition\my program\work\_jobdu\_leetcode_\_leetcode_\Debug\link.17624.write.1.tlog
D:\EPartition\my program\work\_jobdu\_leetcode_\_leetcode_\Debug\link.17624-cvtres.read.1.tlog
D:\EPartition\my program\work\_jobdu\_leetcode_\_leetcode_\Debug\link.17624-cvtres.write.1.tlog
D:\EPartition\my program\work\_jobdu\_leetcode_\_leetcode_\Debug\link.31952.read.1.tlog
D:\EPartition\my program\work\_jobdu\_leetcode_\_leetcode_\Debug\link.31952.write.1.tlog
D:\EPartition\my program\work\_jobdu\_leetcode_\_leetcode_\Debug\link.31952-cvtres.read.1.tlog
D:\EPartition\my program\work\_jobdu\_leetcode_\_leetcode_\Debug\link.31952-cvtres.write.1.tlog
D:\EPartition\my program\work\_jobdu\_leetcode_\_leetcode_\Debug\link.3244.read.1.tlog
D:\EPartition\my program\work\_jobdu\_leetcode_\_leetcode_\Debug\link.3244.write.1.tlog
D:\EPartition\my program\work\_jobdu\_leetcode_\_leetcode_\Debug\link.3244-cvtres.read.1.tlog
D:\EPartition\my program\work\_jobdu\_leetcode_\_leetcode_\Debug\link.3244-cvtres.write.1.tlog
D:\EPartition\my program\work\_jobdu\_leetcode_\_leetcode_\Debug\link.32824.read.1.tlog
D:\EPartition\my program\work\_jobdu\_leetcode_\_leetcode_\Debug\link.32824.write.1.tlog
D:\EPartition\my program\work\_jobdu\_leetcode_\_leetcode_\Debug\link.32824-cvtres.read.1.tlog
D:\EPartition\my program\work\_jobdu\_leetcode_\_leetcode_\Debug\link.32824-cvtres.write.1.tlog
D:\EPartition\my program\work\_jobdu\_leetcode_\_leetcode_\Debug\link.3484.read.1.tlog
D:\EPartition\my program\work\_jobdu\_leetcode_\_leetcode_\Debug\link.3484.write.1.tlog
D:\EPartition\my program\work\_jobdu\_leetcode_\_leetcode_\Debug\link.3484-cvtres.read.1.tlog
D:\EPartition\my program\work\_jobdu\_leetcode_\_leetcode_\Debug\link.3484-cvtres.write.1.tlog
D:\EPartition\my program\work\_jobdu\_leetcode_\_leetcode_\Debug\link.34988.read.1.tlog
D:\EPartition\my program\work\_jobdu\_leetcode_\_leetcode_\Debug\link.34988.write.1.tlog
D:\EPartition\my program\work\_jobdu\_leetcode_\_leetcode_\Debug\link.34988-cvtres.read.1.tlog
D:\EPartition\my program\work\_jobdu\_leetcode_\_leetcode_\Debug\link.34988-cvtres.write.1.tlog
D:\EPartition\my program\work\_jobdu\_leetcode_\_leetcode_\Debug\link.35184.read.1.tlog
D:\EPartition\my program\work\_jobdu\_leetcode_\_leetcode_\Debug\link.35184.write.1.tlog
D:\EPartition\my program\work\_jobdu\_leetcode_\_leetcode_\Debug\link.35184-cvtres.read.1.tlog
D:\EPartition\my program\work\_jobdu\_leetcode_\_leetcode_\Debug\link.35184-cvtres.write.1.tlog
D:\EPartition\my program\work\_jobdu\_leetcode_\_leetcode_\Debug\link.35548.read.1.tlog
D:\EPartition\my program\work\_jobdu\_leetcode_\_leetcode_\Debug\link.35548.write.1.tlog
D:\EPartition\my program\work\_jobdu\_leetcode_\_leetcode_\Debug\link.35548-cvtres.read.1.tlog
D:\EPartition\my program\work\_jobdu\_leetcode_\_leetcode_\Debug\link.35548-cvtres.write.1.tlog
D:\EPartition\my program\work\_jobdu\_leetcode_\_leetcode_\Debug\link.35712.read.1.tlog
D:\EPartition\my program\work\_jobdu\_leetcode_\_leetcode_\Debug\link.35712.write.1.tlog
D:\EPartition\my program\work\_jobdu\_leetcode_\_leetcode_\Debug\link.35712-cvtres.read.1.tlog
D:\EPartition\my program\work\_jobdu\_leetcode_\_leetcode_\Debug\link.35712-cvtres.write.1.tlog
D:\EPartition\my program\work\_jobdu\_leetcode_\_leetcode_\Debug\link.36224.read.1.tlog
D:\EPartition\my program\work\_jobdu\_leetcode_\_leetcode_\Debug\link.36224.write.1.tlog
D:\EPartition\my program\work\_jobdu\_leetcode_\_leetcode_\Debug\link.36224-cvtres.read.1.tlog
D:\EPartition\my program\work\_jobdu\_leetcode_\_leetcode_\Debug\link.36224-cvtres.write.1.tlog
D:\EPartition\my program\work\_jobdu\_leetcode_\_leetcode_\Debug\link.36464.read.1.tlog
D:\EPartition\my program\work\_jobdu\_leetcode_\_leetcode_\Debug\link.36464.write.1.tlog
D:\EPartition\my program\work\_jobdu\_leetcode_\_leetcode_\Debug\link.36464-cvtres.read.1.tlog
D:\EPartition\my program\work\_jobdu\_leetcode_\_leetcode_\Debug\link.36464-cvtres.write.1.tlog
D:\EPartition\my program\work\_jobdu\_leetcode_\_leetcode_\Debug\link.4760.read.1.tlog
D:\EPartition\my program\work\_jobdu\_leetcode_\_leetcode_\Debug\link.4760.write.1.tlog
D:\EPartition\my program\work\_jobdu\_leetcode_\_leetcode_\Debug\link.4760-cvtres.read.1.tlog
D:\EPartition\my program\work\_jobdu\_leetcode_\_leetcode_\Debug\link.4760-cvtres.write.1.tlog
D:\EPartition\my program\work\_jobdu\_leetcode_\_leetcode_\Debug\link.5880.read.1.tlog
D:\EPartition\my program\work\_jobdu\_leetcode_\_leetcode_\Debug\link.5880.write.1.tlog
D:\EPartition\my program\work\_jobdu\_leetcode_\_leetcode_\Debug\link.5880-cvtres.read.1.tlog
D:\EPartition\my program\work\_jobdu\_leetcode_\_leetcode_\Debug\link.5880-cvtres.write.1.tlog
D:\EPartition\my program\work\_jobdu\_leetcode_\_leetcode_\Debug\link.5888.read.1.tlog
D:\EPartition\my program\work\_jobdu\_leetcode_\_leetcode_\Debug\link.5888.write.1.tlog
D:\EPartition\my program\work\_jobdu\_leetcode_\_leetcode_\Debug\link.5888-cvtres.read.1.tlog
D:\EPartition\my program\work\_jobdu\_leetcode_\_leetcode_\Debug\link.5888-cvtres.write.1.tlog
D:\EPartition\my program\work\_jobdu\_leetcode_\_leetcode_\Debug\link.60072.read.1.tlog
D:\EPartition\my program\work\_jobdu\_leetcode_\_leetcode_\Debug\link.60072.write.1.tlog
D:\EPartition\my program\work\_jobdu\_leetcode_\_leetcode_\Debug\link.60072-cvtres.read.1.tlog
D:\EPartition\my program\work\_jobdu\_leetcode_\_leetcode_\Debug\link.60072-cvtres.write.1.tlog
D:\EPartition\my program\work\_jobdu\_leetcode_\_leetcode_\Debug\link.60920.read.1.tlog
D:\EPartition\my program\work\_jobdu\_leetcode_\_leetcode_\Debug\link.60920.write.1.tlog
D:\EPartition\my program\work\_jobdu\_leetcode_\_leetcode_\Debug\link.60920-cvtres.read.1.tlog
D:\EPartition\my program\work\_jobdu\_leetcode_\_leetcode_\Debug\link.60920-cvtres.write.1.tlog
D:\EPartition\my program\work\_jobdu\_leetcode_\_leetcode_\Debug\link.7704.read.1.tlog
D:\EPartition\my program\work\_jobdu\_leetcode_\_leetcode_\Debug\link.7704.write.1.tlog
D:\EPartition\my program\work\_jobdu\_leetcode_\_leetcode_\Debug\link.7704-cvtres.read.1.tlog
D:\EPartition\my program\work\_jobdu\_leetcode_\_leetcode_\Debug\link.7704-cvtres.write.1.tlog
D:\EPartition\my program\work\_jobdu\_leetcode_\_leetcode_\Debug\link.8016.read.1.tlog
D:\EPartition\my program\work\_jobdu\_leetcode_\_leetcode_\Debug\link.8016.write.1.tlog
D:\EPartition\my program\work\_jobdu\_leetcode_\_leetcode_\Debug\link.8016-cvtres.read.1.tlog
D:\EPartition\my program\work\_jobdu\_leetcode_\_leetcode_\Debug\link.8016-cvtres.write.1.tlog
D:\EPartition\my program\work\_jobdu\_leetcode_\_leetcode_\Debug\link.command.1.tlog
D:\EPartition\my program\work\_jobdu\_leetcode_\_leetcode_\Debug\link.read.1.tlog
D:\EPartition\my program\work\_jobdu\_leetcode_\_leetcode_\Debug\link.write.1.tlog
D:\EPartition\my program\work\_jobdu\_leetcode_\_leetcode_\Debug\link-cvtres.read.1.tlog
D:\EPartition\my program\work\_jobdu\_leetcode_\_leetcode_\Debug\link-cvtres.write.1.tlog
D:\EPartition\my program\work\_jobdu\_leetcode_\_leetcode_\Debug\mt.command.1.tlog
D:\EPartition\my program\work\_jobdu\_leetcode_\_leetcode_\Debug\mt.read.1.tlog
D:\EPartition\my program\work\_jobdu\_leetcode_\_leetcode_\Debug\mt.write.1.tlog
D:\EPARTITION\MY PROGRAM\WORK\_JOBDU\_LEETCODE_\_LEETCODE_\DEBUG\O_LEETCODE_347.OBJ
D:\EPartition\my program\work\_jobdu\_leetcode_\_leetcode_\Debug\rc.command.1.tlog
D:\EPartition\my program\work\_jobdu\_leetcode_\_leetcode_\Debug\rc.read.1.tlog
D:\EPartition\my program\work\_jobdu\_leetcode_\_leetcode_\Debug\rc.write.1.tlog
D:\EPARTITION\MY PROGRAM\WORK\_JOBDU\_LEETCODE_\_LEETCODE_\DEBUG\T.OBJ
D:\EPARTITION\MY PROGRAM\WORK\_JOBDU\_LEETCODE_\_LEETCODE_\DEBUG\T_LEETCODE_006.OBJ
D:\EPARTITION\MY PROGRAM\WORK\_JOBDU\_LEETCODE_\_LEETCODE_\DEBUG\T_LEETCODE_053.OBJ
D:\EPARTITION\MY PROGRAM\WORK\_JOBDU\_LEETCODE_\_LEETCODE_\DEBUG\T_LEETCODE_095.OBJ
D:\EPARTITION\MY PROGRAM\WORK\_JOBDU\_LEETCODE_\_LEETCODE_\DEBUG\T_LEETCODE_122.OBJ
D:\EPARTITION\MY PROGRAM\WORK\_JOBDU\_LEETCODE_\_LEETCODE_\DEBUG\T_LEETCODE_134.OBJ
D:\EPARTITION\MY PROGRAM\WORK\_JOBDU\_LEETCODE_\_LEETCODE_\DEBUG\T_LEETCODE_145.OBJ
D:\EPARTITION\MY PROGRAM\WORK\_JOBDU\_LEETCODE_\_LEETCODE_\DEBUG\T_LEETCODE_229.OBJ
D:\EPARTITION\MY PROGRAM\WORK\_JOBDU\_LEETCODE_\_LEETCODE_\DEBUG\T_LEETCODE_241.OBJ
D:\EPARTITION\MY PROGRAM\WORK\_JOBDU\_LEETCODE_\_LEETCODE_\DEBUG\T_LEETCODE_345.OBJ
D:\EPARTITION\MY PROGRAM\WORK\_JOBDU\_LEETCODE_\_LEETCODE_\DEBUG\T_LEETCODE_BINARYSORTTREE.OBJ
D:\EPartition\my program\work\_jobdu\_leetcode_\_leetcode_\Debug\vc100.idb
D:\EPARTITION\MY PROGRAM\WORK\_JOBDU\_LEETCODE_\_LEETCODE_\DEBUG\VC100.PDB
D:\EPARTITION\MY PROGRAM\WORK\_JOBDU\_LEETCODE_\DEBUG\_LEETCODE_.EXE
D:\EPARTITION\MY PROGRAM\WORK\_JOBDU\_LEETCODE_\DEBUG\_LEETCODE_.ILK
D:\EPARTITION\MY PROGRAM\WORK\_JOBDU\_LEETCODE_\DEBUG\_LEETCODE_.PDB
